Loaded reset SP 0x0 PC 0x0 from vector table
CPU Reset (CPU 0)
R00=00000000 R01=00000000 R02=00000000 R03=00000000
R04=00000000 R05=00000000 R06=00000000 R07=00000000
R08=00000000 R09=00000000 R10=00000000 R11=00000000
R12=00000000 R13=00000000 R14=ffffffff R15=00000000
XPSR=40000000 -Z-- A S priv-thread
Loaded reset SP 0x0 PC 0x0 from vector table
CPU Reset (CPU 1)
R00=00000000 R01=00000000 R02=00000000 R03=00000000
R04=00000000 R05=00000000 R06=00000000 R07=00000000
R08=00000000 R09=00000000 R10=00000000 R11=00000000
R12=00000000 R13=00000000 R14=ffffffff R15=00000000
XPSR=40000000 -Z-- A S priv-thread
Loaded reset SP 0x30008000 PC 0x10000801 from vector table
CPU Reset (CPU 0)
R00=00000000 R01=00000000 R02=00000000 R03=00000000
R04=00000000 R05=00000000 R06=00000000 R07=00000000
R08=00000000 R09=00000000 R10=00000000 R11=00000000
R12=00000000 R13=30008000 R14=ffffffff R15=10000800
XPSR=41000000 -Z-- T S priv-thread
PMSA MPU lookup for execute at 0x10000800 mmu_idx 133 -> Hit (prot rwx)
----------------
IN: 
0x10000800:  
OBJD-T: 00f051fb

Trace 0: 0x7b905ec6d100 [00800452/0000000010000800/00000150/ff028000] 
R00=00000000 R01=00000000 R02=00000000 R03=00000000
R04=00000000 R05=00000000 R06=00000000 R07=00000000
R08=00000000 R09=00000000 R10=00000000 R11=00000000
R12=00000000 R13=30008000 R14=ffffffff R15=10000800
XPSR=41000000 -Z-- T S priv-thread
PMSA MPU lookup for execute at 0x10000ea6 mmu_idx 133 -> Hit (prot rwx)
----------------
IN: DebugMonitor
0x10000ea6:  
OBJD-T: 80b56f4680bd

Trace 0: 0x7b905ec6d240 [00800452/0000000010000ea6/00000150/ff028000] DebugMonitor
R00=00000000 R01=00000000 R02=00000000 R03=00000000
R04=00000000 R05=00000000 R06=00000000 R07=00000000
R08=00000000 R09=00000000 R10=00000000 R11=00000000
R12=00000000 R13=30008000 R14=10000805 R15=10000ea6
XPSR=41000000 -Z-- T S priv-thread
PMSA MPU lookup for writing at 0x30007ff8 mmu_idx 133 -> Hit (prot rwx)
----------------
IN: Reset
0x10000804:  
OBJD-T: 084809490022814201d0

Trace 0: 0x7b905ec6d540 [00800452/0000000010000804/00000150/ff028000] Reset
R00=00000000 R01=00000000 R02=00000000 R03=00000000
R04=00000000 R05=00000000 R06=00000000 R07=00000000
R08=00000000 R09=00000000 R10=00000000 R11=00000000
R12=00000000 R13=30008000 R14=10000805 R15=10000804
XPSR=41000000 -Z-- T S priv-thread
----------------
IN: Reset
0x1000080e:  
OBJD-T: 04c0fbe7

Linking TBs 0x7b905ec6d540 index 1 -> 0x7b905ec6d780
Trace 0: 0x7b905ec6d780 [00800452/000000001000080e/00000150/ff028000] Reset
R00=30000000 R01=30000008 R02=00000000 R03=00000000
R04=00000000 R05=00000000 R06=00000000 R07=00000000
R08=00000000 R09=00000000 R10=00000000 R11=00000000
R12=00000000 R13=30008000 R14=10000805 R15=1000080e
XPSR=21000000 --C- T S priv-thread
PMSA MPU lookup for writing at 0x30000000 mmu_idx 133 -> Hit (prot rwx)
----------------
IN: Reset
0x1000080a:  
OBJD-T: 814201d0

Linking TBs 0x7b905ec6d780 index 0 -> 0x7b905ec6d900
Trace 0: 0x7b905ec6d900 [00800452/000000001000080a/00000150/ff028000] Reset
R00=30000004 R01=30000008 R02=00000000 R03=00000000
R04=00000000 R05=00000000 R06=00000000 R07=00000000
R08=00000000 R09=00000000 R10=00000000 R11=00000000
R12=00000000 R13=30008000 R14=10000805 R15=1000080a
XPSR=21000000 --C- T S priv-thread
Linking TBs 0x7b905ec6d900 index 1 -> 0x7b905ec6d780
Trace 0: 0x7b905ec6d780 [00800452/000000001000080e/00000150/ff028000] Reset
R00=30000004 R01=30000008 R02=00000000 R03=00000000
R04=00000000 R05=00000000 R06=00000000 R07=00000000
R08=00000000 R09=00000000 R10=00000000 R11=00000000
R12=00000000 R13=30008000 R14=10000805 R15=1000080e
XPSR=21000000 --C- T S priv-thread
----------------
IN: Reset
0x10000812:  
OBJD-T: 07480749084a814202d0

Linking TBs 0x7b905ec6d900 index 0 -> 0x7b905ec6da80
Trace 0: 0x7b905ec6da80 [00800452/0000000010000812/00000150/ff028000] Reset
R00=30000008 R01=30000008 R02=00000000 R03=00000000
R04=00000000 R05=00000000 R06=00000000 R07=00000000
R08=00000000 R09=00000000 R10=00000000 R11=00000000
R12=00000000 R13=30008000 R14=10000805 R15=10000812
XPSR=61000000 -ZC- T S priv-thread
----------------
IN: Reset
0x1000081c:  
OBJD-T: 08ca08c0fae7

Linking TBs 0x7b905ec6da80 index 1 -> 0x7b905ec6dd00
Trace 0: 0x7b905ec6dd00 [00800452/000000001000081c/00000150/ff028000] Reset
R00=30000000 R01=10100020 R02=10001974 R03=00000000
R04=00000000 R05=00000000 R06=00000000 R07=00000000
R08=00000000 R09=00000000 R10=00000000 R11=00000000
R12=00000000 R13=30008000 R14=10000805 R15=1000081c
XPSR=81000000 N--- T S priv-thread
PMSA MPU lookup for reading at 0x10001974 mmu_idx 133 -> Hit (prot rwx)
----------------
IN: Reset
0x10000818:  
OBJD-T: 814202d0

Linking TBs 0x7b905ec6dd00 index 0 -> 0x7b905ec6df00
Trace 0: 0x7b905ec6df00 [00800452/0000000010000818/00000150/ff028000] Reset
R00=30000004 R01=10100020 R02=10001978 R03=00000000
R04=00000000 R05=00000000 R06=00000000 R07=00000000
R08=00000000 R09=00000000 R10=00000000 R11=00000000
R12=00000000 R13=30008000 R14=10000805 R15=10000818
XPSR=81000000 N--- T S priv-thread
Linking TBs 0x7b905ec6df00 index 1 -> 0x7b905ec6dd00
Trace 0: 0x7b905ec6dd00 [00800452/000000001000081c/00000150/ff028000] Reset
R00=30000004 R01=10100020 R02=10001978 R03=00000000
R04=00000000 R05=00000000 R06=00000000 R07=00000000
R08=00000000 R09=00000000 R10=00000000 R11=00000000
R12=00000000 R13=30008000 R14=10000805 R15=1000081c
XPSR=81000000 N--- T S priv-thread
PMSA MPU lookup for reading at 0x10001c00 mmu_idx 133 -> Hit (prot rwx)
PMSA MPU lookup for writing at 0x30000400 mmu_idx 133 -> Hit (prot rwx)
PMSA MPU lookup for reading at 0x10002000 mmu_idx 133 -> Hit (prot rwx)
PMSA MPU lookup for writing at 0x30000800 mmu_idx 133 -> Hit (prot rwx)
PMSA MPU lookup for reading at 0x10002400 mmu_idx 133 -> Hit (prot rwx)
PMSA MPU lookup for writing at 0x30000c00 mmu_idx 133 -> Hit (prot rwx)
PMSA MPU lookup for reading at 0x10002800 mmu_idx 133 -> Hit (prot rwx)
PMSA MPU lookup for writing at 0x30001000 mmu_idx 133 -> Hit (prot rwx)
PMSA MPU lookup for reading at 0x10002c00 mmu_idx 133 -> Hit (prot rwx)
PMSA MPU lookup for writing at 0x30001400 mmu_idx 133 -> Hit (prot rwx)
PMSA MPU lookup for reading at 0x10003000 mmu_idx 133 -> Hit (prot rwx)
PMSA MPU lookup for writing at 0x30001800 mmu_idx 133 -> Hit (prot rwx)
PMSA MPU lookup for reading at 0x10003400 mmu_idx 133 -> Hit (prot rwx)
PMSA MPU lookup for writing at 0x30001c00 mmu_idx 133 -> Hit (prot rwx)
PMSA MPU lookup for reading at 0x10003800 mmu_idx 133 -> Hit (prot rwx)
PMSA MPU lookup for writing at 0x30002000 mmu_idx 133 -> Hit (prot rwx)
PMSA MPU lookup for reading at 0x10003c00 mmu_idx 133 -> Hit (prot rwx)
PMSA MPU lookup for writing at 0x30002400 mmu_idx 133 -> Hit (prot rwx)
PMSA MPU lookup for reading at 0x10004000 mmu_idx 133 -> Hit (prot rwx)
PMSA MPU lookup for writing at 0x30002800 mmu_idx 133 -> Hit (prot rwx)
PMSA MPU lookup for reading at 0x10004400 mmu_idx 133 -> Hit (prot rwx)
PMSA MPU lookup for writing at 0x30002c00 mmu_idx 133 -> Hit (prot rwx)
PMSA MPU lookup for reading at 0x10004800 mmu_idx 133 -> Hit (prot rwx)
PMSA MPU lookup for writing at 0x30003000 mmu_idx 133 -> Hit (prot rwx)
PMSA MPU lookup for reading at 0x10004c00 mmu_idx 133 -> Hit (prot rwx)
PMSA MPU lookup for writing at 0x30003400 mmu_idx 133 -> Hit (prot rwx)
PMSA MPU lookup for reading at 0x10005000 mmu_idx 133 -> Hit (prot rwx)
PMSA MPU lookup for writing at 0x30003800 mmu_idx 133 -> Hit (prot rwx)
PMSA MPU lookup for reading at 0x10005400 mmu_idx 133 -> Hit (prot rwx)
PMSA MPU lookup for writing at 0x30003c00 mmu_idx 133 -> Hit (prot rwx)
PMSA MPU lookup for reading at 0x10005800 mmu_idx 133 -> Hit (prot rwx)
PMSA MPU lookup for writing at 0x30004000 mmu_idx 133 -> Hit (prot rwx)
PMSA MPU lookup for reading at 0x10005c00 mmu_idx 133 -> Hit (prot rwx)
PMSA MPU lookup for writing at 0x30004400 mmu_idx 133 -> Hit (prot rwx)
Stopped execution of TB chain before 0x7b905ec6df00 [0000000010000818] Reset
Trace 0: 0x7b905ec6df00 [00800452/0000000010000818/00000150/ff028000] Reset
R00=30004404 R01=10100020 R02=10005d78 R03=00000000
R04=00000000 R05=00000000 R06=00000000 R07=00000000
R08=00000000 R09=00000000 R10=00000000 R11=00000000
R12=00000000 R13=30008000 R14=10000805 R15=10000818
XPSR=81000000 N--- T S priv-thread
PMSA MPU lookup for reading at 0x10006000 mmu_idx 133 -> Hit (prot rwx)
PMSA MPU lookup for writing at 0x30004800 mmu_idx 133 -> Hit (prot rwx)
PMSA MPU lookup for reading at 0x10006400 mmu_idx 133 -> Hit (prot rwx)
PMSA MPU lookup for writing at 0x30004c00 mmu_idx 133 -> Hit (prot rwx)
PMSA MPU lookup for reading at 0x10006800 mmu_idx 133 -> Hit (prot rwx)
PMSA MPU lookup for writing at 0x30005000 mmu_idx 133 -> Hit (prot rwx)
PMSA MPU lookup for reading at 0x10006c00 mmu_idx 133 -> Hit (prot rwx)
PMSA MPU lookup for writing at 0x30005400 mmu_idx 133 -> Hit (prot rwx)
PMSA MPU lookup for reading at 0x10007000 mmu_idx 133 -> Hit (prot rwx)
PMSA MPU lookup for writing at 0x30005800 mmu_idx 133 -> Hit (prot rwx)
PMSA MPU lookup for reading at 0x10007400 mmu_idx 133 -> Hit (prot rwx)
PMSA MPU lookup for writing at 0x30005c00 mmu_idx 133 -> Hit (prot rwx)
PMSA MPU lookup for reading at 0x10007800 mmu_idx 133 -> Hit (prot rwx)
PMSA MPU lookup for writing at 0x30006000 mmu_idx 133 -> Hit (prot rwx)
PMSA MPU lookup for reading at 0x10007c00 mmu_idx 133 -> Hit (prot rwx)
PMSA MPU lookup for writing at 0x30006400 mmu_idx 133 -> Hit (prot rwx)
PMSA MPU lookup for reading at 0x10008000 mmu_idx 133 -> Hit (prot rwx)
PMSA MPU lookup for writing at 0x30006800 mmu_idx 133 -> Hit (prot rwx)
PMSA MPU lookup for reading at 0x10008400 mmu_idx 133 -> Hit (prot rwx)
PMSA MPU lookup for writing at 0x30006c00 mmu_idx 133 -> Hit (prot rwx)
PMSA MPU lookup for reading at 0x10008800 mmu_idx 133 -> Hit (prot rwx)
PMSA MPU lookup for writing at 0x30007000 mmu_idx 133 -> Hit (prot rwx)
PMSA MPU lookup for reading at 0x10008c00 mmu_idx 133 -> Hit (prot rwx)
PMSA MPU lookup for writing at 0x30007400 mmu_idx 133 -> Hit (prot rwx)
PMSA MPU lookup for reading at 0x10009000 mmu_idx 133 -> Hit (prot rwx)
PMSA MPU lookup for writing at 0x30007800 mmu_idx 133 -> Hit (prot rwx)
PMSA MPU lookup for reading at 0x10009400 mmu_idx 133 -> Hit (prot rwx)
PMSA MPU lookup for reading at 0x10009800 mmu_idx 133 -> Hit (prot rwx)
PMSA MPU lookup for writing at 0x30008000 mmu_idx 133 -> Hit (prot rwx)
PMSA MPU lookup for reading at 0x10009c00 mmu_idx 133 -> Hit (prot rwx)
PMSA MPU lookup for writing at 0x30008400 mmu_idx 133 -> Hit (prot rwx)
PMSA MPU lookup for reading at 0x1000a000 mmu_idx 133 -> Hit (prot rwx)
PMSA MPU lookup for writing at 0x30008800 mmu_idx 133 -> Hit (prot rwx)
PMSA MPU lookup for reading at 0x1000a400 mmu_idx 133 -> Hit (prot rwx)
PMSA MPU lookup for writing at 0x30008c00 mmu_idx 133 -> Hit (prot rwx)
PMSA MPU lookup for reading at 0x1000a800 mmu_idx 133 -> Hit (prot rwx)
PMSA MPU lookup for writing at 0x30009000 mmu_idx 133 -> Hit (prot rwx)
PMSA MPU lookup for reading at 0x1000ac00 mmu_idx 133 -> Hit (prot rwx)
PMSA MPU lookup for writing at 0x30009400 mmu_idx 133 -> Hit (prot rwx)
PMSA MPU lookup for reading at 0x1000b000 mmu_idx 133 -> Hit (prot rwx)
PMSA MPU lookup for writing at 0x30009800 mmu_idx 133 -> Hit (prot rwx)
PMSA MPU lookup for reading at 0x1000b400 mmu_idx 133 -> Hit (prot rwx)
PMSA MPU lookup for writing at 0x30009c00 mmu_idx 133 -> Hit (prot rwx)
PMSA MPU lookup for reading at 0x1000b800 mmu_idx 133 -> Hit (prot rwx)
PMSA MPU lookup for writing at 0x3000a000 mmu_idx 133 -> Hit (prot rwx)
PMSA MPU lookup for reading at 0x1000bc00 mmu_idx 133 -> Hit (prot rwx)
PMSA MPU lookup for writing at 0x3000a400 mmu_idx 133 -> Hit (prot rwx)
PMSA MPU lookup for reading at 0x1000c000 mmu_idx 133 -> Hit (prot rwx)
PMSA MPU lookup for writing at 0x3000a800 mmu_idx 133 -> Hit (prot rwx)
PMSA MPU lookup for reading at 0x1000c400 mmu_idx 133 -> Hit (prot rwx)
PMSA MPU lookup for writing at 0x3000ac00 mmu_idx 133 -> Hit (prot rwx)
PMSA MPU lookup for reading at 0x1000c800 mmu_idx 133 -> Hit (prot rwx)
PMSA MPU lookup for writing at 0x3000b000 mmu_idx 133 -> Hit (prot rwx)
PMSA MPU lookup for reading at 0x1000cc00 mmu_idx 133 -> Hit (prot rwx)
PMSA MPU lookup for writing at 0x3000b400 mmu_idx 133 -> Hit (prot rwx)
PMSA MPU lookup for reading at 0x1000d000 mmu_idx 133 -> Hit (prot rwx)
PMSA MPU lookup for writing at 0x3000b800 mmu_idx 133 -> Hit (prot rwx)
PMSA MPU lookup for reading at 0x1000d400 mmu_idx 133 -> Hit (prot rwx)
PMSA MPU lookup for writing at 0x3000bc00 mmu_idx 133 -> Hit (prot rwx)
PMSA MPU lookup for reading at 0x1000d800 mmu_idx 133 -> Hit (prot rwx)
PMSA MPU lookup for writing at 0x3000c000 mmu_idx 133 -> Hit (prot rwx)
PMSA MPU lookup for reading at 0x1000dc00 mmu_idx 133 -> Hit (prot rwx)
PMSA MPU lookup for writing at 0x3000c400 mmu_idx 133 -> Hit (prot rwx)
PMSA MPU lookup for reading at 0x1000e000 mmu_idx 133 -> Hit (prot rwx)
PMSA MPU lookup for writing at 0x3000c800 mmu_idx 133 -> Hit (prot rwx)
PMSA MPU lookup for reading at 0x1000e400 mmu_idx 133 -> Hit (prot rwx)
PMSA MPU lookup for writing at 0x3000cc00 mmu_idx 133 -> Hit (prot rwx)
PMSA MPU lookup for reading at 0x1000e800 mmu_idx 133 -> Hit (prot rwx)
PMSA MPU lookup for writing at 0x3000d000 mmu_idx 133 -> Hit (prot rwx)
PMSA MPU lookup for reading at 0x1000ec00 mmu_idx 133 -> Hit (prot rwx)
PMSA MPU lookup for writing at 0x3000d400 mmu_idx 133 -> Hit (prot rwx)
PMSA MPU lookup for reading at 0x1000f000 mmu_idx 133 -> Hit (prot rwx)
PMSA MPU lookup for writing at 0x3000d800 mmu_idx 133 -> Hit (prot rwx)
PMSA MPU lookup for reading at 0x1000f400 mmu_idx 133 -> Hit (prot rwx)
PMSA MPU lookup for writing at 0x3000dc00 mmu_idx 133 -> Hit (prot rwx)
PMSA MPU lookup for reading at 0x1000f800 mmu_idx 133 -> Hit (prot rwx)
PMSA MPU lookup for writing at 0x3000e000 mmu_idx 133 -> Hit (prot rwx)
PMSA MPU lookup for reading at 0x1000fc00 mmu_idx 133 -> Hit (prot rwx)
PMSA MPU lookup for writing at 0x3000e400 mmu_idx 133 -> Hit (prot rwx)
PMSA MPU lookup for reading at 0x10010000 mmu_idx 133 -> Hit (prot rwx)
PMSA MPU lookup for writing at 0x3000e800 mmu_idx 133 -> Hit (prot rwx)
PMSA MPU lookup for reading at 0x10010400 mmu_idx 133 -> Hit (prot rwx)
PMSA MPU lookup for writing at 0x3000ec00 mmu_idx 133 -> Hit (prot rwx)
PMSA MPU lookup for reading at 0x10010800 mmu_idx 133 -> Hit (prot rwx)
PMSA MPU lookup for writing at 0x3000f000 mmu_idx 133 -> Hit (prot rwx)
PMSA MPU lookup for reading at 0x10010c00 mmu_idx 133 -> Hit (prot rwx)
PMSA MPU lookup for writing at 0x3000f400 mmu_idx 133 -> Hit (prot rwx)
PMSA MPU lookup for reading at 0x10011000 mmu_idx 133 -> Hit (prot rwx)
PMSA MPU lookup for writing at 0x3000f800 mmu_idx 133 -> Hit (prot rwx)
PMSA MPU lookup for reading at 0x10011400 mmu_idx 133 -> Hit (prot rwx)
PMSA MPU lookup for writing at 0x3000fc00 mmu_idx 133 -> Hit (prot rwx)
PMSA MPU lookup for reading at 0x10011800 mmu_idx 133 -> Hit (prot rwx)
PMSA MPU lookup for writing at 0x30010000 mmu_idx 133 -> Hit (prot rwx)
PMSA MPU lookup for reading at 0x10011c00 mmu_idx 133 -> Hit (prot rwx)
PMSA MPU lookup for writing at 0x30010400 mmu_idx 133 -> Hit (prot rwx)
PMSA MPU lookup for reading at 0x10012000 mmu_idx 133 -> Hit (prot rwx)
PMSA MPU lookup for writing at 0x30010800 mmu_idx 133 -> Hit (prot rwx)
PMSA MPU lookup for reading at 0x10012400 mmu_idx 133 -> Hit (prot rwx)
PMSA MPU lookup for writing at 0x30010c00 mmu_idx 133 -> Hit (prot rwx)
PMSA MPU lookup for reading at 0x10012800 mmu_idx 133 -> Hit (prot rwx)
PMSA MPU lookup for writing at 0x30011000 mmu_idx 133 -> Hit (prot rwx)
PMSA MPU lookup for reading at 0x10012c00 mmu_idx 133 -> Hit (prot rwx)
PMSA MPU lookup for writing at 0x30011400 mmu_idx 133 -> Hit (prot rwx)
PMSA MPU lookup for reading at 0x10013000 mmu_idx 133 -> Hit (prot rwx)
PMSA MPU lookup for writing at 0x30011800 mmu_idx 133 -> Hit (prot rwx)
PMSA MPU lookup for reading at 0x10013400 mmu_idx 133 -> Hit (prot rwx)
PMSA MPU lookup for writing at 0x30011c00 mmu_idx 133 -> Hit (prot rwx)
PMSA MPU lookup for reading at 0x10013800 mmu_idx 133 -> Hit (prot rwx)
PMSA MPU lookup for writing at 0x30012000 mmu_idx 133 -> Hit (prot rwx)
PMSA MPU lookup for reading at 0x10013c00 mmu_idx 133 -> Hit (prot rwx)
PMSA MPU lookup for writing at 0x30012400 mmu_idx 133 -> Hit (prot rwx)
PMSA MPU lookup for reading at 0x10014000 mmu_idx 133 -> Hit (prot rwx)
PMSA MPU lookup for writing at 0x30012800 mmu_idx 133 -> Hit (prot rwx)
PMSA MPU lookup for reading at 0x10014400 mmu_idx 133 -> Hit (prot rwx)
PMSA MPU lookup for writing at 0x30012c00 mmu_idx 133 -> Hit (prot rwx)
PMSA MPU lookup for reading at 0x10014800 mmu_idx 133 -> Hit (prot rwx)
PMSA MPU lookup for writing at 0x30013000 mmu_idx 133 -> Hit (prot rwx)
PMSA MPU lookup for reading at 0x10014c00 mmu_idx 133 -> Hit (prot rwx)
PMSA MPU lookup for writing at 0x30013400 mmu_idx 133 -> Hit (prot rwx)
PMSA MPU lookup for reading at 0x10015000 mmu_idx 133 -> Hit (prot rwx)
PMSA MPU lookup for writing at 0x30013800 mmu_idx 133 -> Hit (prot rwx)
PMSA MPU lookup for reading at 0x10015400 mmu_idx 133 -> Hit (prot rwx)
PMSA MPU lookup for writing at 0x30013c00 mmu_idx 133 -> Hit (prot rwx)
PMSA MPU lookup for reading at 0x10015800 mmu_idx 133 -> Hit (prot rwx)
PMSA MPU lookup for writing at 0x30014000 mmu_idx 133 -> Hit (prot rwx)
PMSA MPU lookup for reading at 0x10015c00 mmu_idx 133 -> Hit (prot rwx)
PMSA MPU lookup for writing at 0x30014400 mmu_idx 133 -> Hit (prot rwx)
PMSA MPU lookup for reading at 0x10016000 mmu_idx 133 -> Hit (prot rwx)
PMSA MPU lookup for writing at 0x30014800 mmu_idx 133 -> Hit (prot rwx)
PMSA MPU lookup for reading at 0x10016400 mmu_idx 133 -> Hit (prot rwx)
PMSA MPU lookup for writing at 0x30014c00 mmu_idx 133 -> Hit (prot rwx)
PMSA MPU lookup for reading at 0x10016800 mmu_idx 133 -> Hit (prot rwx)
PMSA MPU lookup for writing at 0x30015000 mmu_idx 133 -> Hit (prot rwx)
PMSA MPU lookup for reading at 0x10016c00 mmu_idx 133 -> Hit (prot rwx)
PMSA MPU lookup for writing at 0x30015400 mmu_idx 133 -> Hit (prot rwx)
PMSA MPU lookup for reading at 0x10017000 mmu_idx 133 -> Hit (prot rwx)
PMSA MPU lookup for writing at 0x30015800 mmu_idx 133 -> Hit (prot rwx)
PMSA MPU lookup for reading at 0x10017400 mmu_idx 133 -> Hit (prot rwx)
PMSA MPU lookup for writing at 0x30015c00 mmu_idx 133 -> Hit (prot rwx)
PMSA MPU lookup for reading at 0x10017800 mmu_idx 133 -> Hit (prot rwx)
PMSA MPU lookup for writing at 0x30016000 mmu_idx 133 -> Hit (prot rwx)
PMSA MPU lookup for reading at 0x10017c00 mmu_idx 133 -> Hit (prot rwx)
PMSA MPU lookup for writing at 0x30016400 mmu_idx 133 -> Hit (prot rwx)
PMSA MPU lookup for reading at 0x10018000 mmu_idx 133 -> Hit (prot rwx)
PMSA MPU lookup for writing at 0x30016800 mmu_idx 133 -> Hit (prot rwx)
PMSA MPU lookup for reading at 0x10018400 mmu_idx 133 -> Hit (prot rwx)
PMSA MPU lookup for writing at 0x30016c00 mmu_idx 133 -> Hit (prot rwx)
PMSA MPU lookup for reading at 0x10018800 mmu_idx 133 -> Hit (prot rwx)
PMSA MPU lookup for writing at 0x30017000 mmu_idx 133 -> Hit (prot rwx)
PMSA MPU lookup for reading at 0x10018c00 mmu_idx 133 -> Hit (prot rwx)
PMSA MPU lookup for writing at 0x30017400 mmu_idx 133 -> Hit (prot rwx)
PMSA MPU lookup for reading at 0x10019000 mmu_idx 133 -> Hit (prot rwx)
PMSA MPU lookup for writing at 0x30017800 mmu_idx 133 -> Hit (prot rwx)
PMSA MPU lookup for reading at 0x10019400 mmu_idx 133 -> Hit (prot rwx)
PMSA MPU lookup for writing at 0x30017c00 mmu_idx 133 -> Hit (prot rwx)
PMSA MPU lookup for reading at 0x10019800 mmu_idx 133 -> Hit (prot rwx)
PMSA MPU lookup for writing at 0x30018000 mmu_idx 133 -> Hit (prot rwx)
PMSA MPU lookup for reading at 0x10019c00 mmu_idx 133 -> Hit (prot rwx)
PMSA MPU lookup for writing at 0x30018400 mmu_idx 133 -> Hit (prot rwx)
PMSA MPU lookup for reading at 0x1001a000 mmu_idx 133 -> Hit (prot rwx)
PMSA MPU lookup for writing at 0x30018800 mmu_idx 133 -> Hit (prot rwx)
PMSA MPU lookup for reading at 0x1001a400 mmu_idx 133 -> Hit (prot rwx)
PMSA MPU lookup for writing at 0x30018c00 mmu_idx 133 -> Hit (prot rwx)
PMSA MPU lookup for reading at 0x1001a800 mmu_idx 133 -> Hit (prot rwx)
PMSA MPU lookup for writing at 0x30019000 mmu_idx 133 -> Hit (prot rwx)
PMSA MPU lookup for reading at 0x1001ac00 mmu_idx 133 -> Hit (prot rwx)
PMSA MPU lookup for writing at 0x30019400 mmu_idx 133 -> Hit (prot rwx)
PMSA MPU lookup for reading at 0x1001b000 mmu_idx 133 -> Hit (prot rwx)
PMSA MPU lookup for writing at 0x30019800 mmu_idx 133 -> Hit (prot rwx)
PMSA MPU lookup for reading at 0x1001b400 mmu_idx 133 -> Hit (prot rwx)
PMSA MPU lookup for writing at 0x30019c00 mmu_idx 133 -> Hit (prot rwx)
PMSA MPU lookup for reading at 0x1001b800 mmu_idx 133 -> Hit (prot rwx)
PMSA MPU lookup for writing at 0x3001a000 mmu_idx 133 -> Hit (prot rwx)
PMSA MPU lookup for reading at 0x1001bc00 mmu_idx 133 -> Hit (prot rwx)
PMSA MPU lookup for writing at 0x3001a400 mmu_idx 133 -> Hit (prot rwx)
PMSA MPU lookup for reading at 0x1001c000 mmu_idx 133 -> Hit (prot rwx)
PMSA MPU lookup for writing at 0x3001a800 mmu_idx 133 -> Hit (prot rwx)
PMSA MPU lookup for reading at 0x1001c400 mmu_idx 133 -> Hit (prot rwx)
PMSA MPU lookup for writing at 0x3001ac00 mmu_idx 133 -> Hit (prot rwx)
PMSA MPU lookup for reading at 0x1001c800 mmu_idx 133 -> Hit (prot rwx)
PMSA MPU lookup for writing at 0x3001b000 mmu_idx 133 -> Hit (prot rwx)
PMSA MPU lookup for reading at 0x1001cc00 mmu_idx 133 -> Hit (prot rwx)
PMSA MPU lookup for writing at 0x3001b400 mmu_idx 133 -> Hit (prot rwx)
PMSA MPU lookup for reading at 0x1001d000 mmu_idx 133 -> Hit (prot rwx)
PMSA MPU lookup for writing at 0x3001b800 mmu_idx 133 -> Hit (prot rwx)
PMSA MPU lookup for reading at 0x1001d400 mmu_idx 133 -> Hit (prot rwx)
PMSA MPU lookup for writing at 0x3001bc00 mmu_idx 133 -> Hit (prot rwx)
PMSA MPU lookup for reading at 0x1001d800 mmu_idx 133 -> Hit (prot rwx)
PMSA MPU lookup for writing at 0x3001c000 mmu_idx 133 -> Hit (prot rwx)
PMSA MPU lookup for reading at 0x1001dc00 mmu_idx 133 -> Hit (prot rwx)
PMSA MPU lookup for writing at 0x3001c400 mmu_idx 133 -> Hit (prot rwx)
PMSA MPU lookup for reading at 0x1001e000 mmu_idx 133 -> Hit (prot rwx)
PMSA MPU lookup for writing at 0x3001c800 mmu_idx 133 -> Hit (prot rwx)
PMSA MPU lookup for reading at 0x1001e400 mmu_idx 133 -> Hit (prot rwx)
PMSA MPU lookup for writing at 0x3001cc00 mmu_idx 133 -> Hit (prot rwx)
PMSA MPU lookup for reading at 0x1001e800 mmu_idx 133 -> Hit (prot rwx)
PMSA MPU lookup for writing at 0x3001d000 mmu_idx 133 -> Hit (prot rwx)
PMSA MPU lookup for reading at 0x1001ec00 mmu_idx 133 -> Hit (prot rwx)
PMSA MPU lookup for writing at 0x3001d400 mmu_idx 133 -> Hit (prot rwx)
PMSA MPU lookup for reading at 0x1001f000 mmu_idx 133 -> Hit (prot rwx)
PMSA MPU lookup for writing at 0x3001d800 mmu_idx 133 -> Hit (prot rwx)
PMSA MPU lookup for reading at 0x1001f400 mmu_idx 133 -> Hit (prot rwx)
PMSA MPU lookup for writing at 0x3001dc00 mmu_idx 133 -> Hit (prot rwx)
PMSA MPU lookup for reading at 0x1001f800 mmu_idx 133 -> Hit (prot rwx)
PMSA MPU lookup for writing at 0x3001e000 mmu_idx 133 -> Hit (prot rwx)
PMSA MPU lookup for reading at 0x1001fc00 mmu_idx 133 -> Hit (prot rwx)
PMSA MPU lookup for writing at 0x3001e400 mmu_idx 133 -> Hit (prot rwx)
PMSA MPU lookup for reading at 0x10020000 mmu_idx 133 -> Hit (prot rwx)
PMSA MPU lookup for writing at 0x3001e800 mmu_idx 133 -> Hit (prot rwx)
PMSA MPU lookup for reading at 0x10020400 mmu_idx 133 -> Hit (prot rwx)
PMSA MPU lookup for writing at 0x3001ec00 mmu_idx 133 -> Hit (prot rwx)
PMSA MPU lookup for reading at 0x10020800 mmu_idx 133 -> Hit (prot rwx)
PMSA MPU lookup for writing at 0x3001f000 mmu_idx 133 -> Hit (prot rwx)
PMSA MPU lookup for reading at 0x10020c00 mmu_idx 133 -> Hit (prot rwx)
PMSA MPU lookup for writing at 0x3001f400 mmu_idx 133 -> Hit (prot rwx)
PMSA MPU lookup for reading at 0x10021000 mmu_idx 133 -> Hit (prot rwx)
PMSA MPU lookup for writing at 0x3001f800 mmu_idx 133 -> Hit (prot rwx)
PMSA MPU lookup for reading at 0x10021400 mmu_idx 133 -> Hit (prot rwx)
PMSA MPU lookup for writing at 0x3001fc00 mmu_idx 133 -> Hit (prot rwx)
PMSA MPU lookup for reading at 0x10021800 mmu_idx 133 -> Hit (prot rwx)
PMSA MPU lookup for writing at 0x30020000 mmu_idx 133 -> Hit (prot rwx)
cpu_io_recompile: rewound execution of TB to 000000001000081e
PMSA MPU lookup for execute at 0x1000081e mmu_idx 133 -> Hit (prot rwx)
----------------
IN: Reset
0x1000081e:  
OBJD-T: 08c0

Trace 0: 0x7b905ec6e080 [00800452/000000001000081e/00000150/ff039001] Reset
R00=30020000 R01=10100020 R02=10021978 R03=00000000
R04=00000000 R05=00000000 R06=00000000 R07=00000000
R08=00000000 R09=00000000 R10=00000000 R11=00000000
R12=00000000 R13=30008000 R14=10000805 R15=1000081e
XPSR=81000000 N--- T S priv-thread
Taking exception 4 [Data Abort] on CPU 0
...at fault address 0x30020000
...with CFSR.PRECISERR and BFAR 0x30020000
PMSA MPU lookup for writing at 0x30007fe0 mmu_idx 133 -> Hit (prot rwx)
PMSA MPU lookup for writing at 0x30007fe4 mmu_idx 133 -> Hit (prot rwx)
PMSA MPU lookup for writing at 0x30007fe8 mmu_idx 133 -> Hit (prot rwx)
PMSA MPU lookup for writing at 0x30007fec mmu_idx 133 -> Hit (prot rwx)
PMSA MPU lookup for writing at 0x30007ff0 mmu_idx 133 -> Hit (prot rwx)
PMSA MPU lookup for writing at 0x30007ff4 mmu_idx 133 -> Hit (prot rwx)
PMSA MPU lookup for writing at 0x30007ff8 mmu_idx 133 -> Hit (prot rwx)
PMSA MPU lookup for writing at 0x30007ffc mmu_idx 133 -> Hit (prot rwx)
...taking pending secure exception 3
...loading from element 3 of secure vector table at 0x1000000c
...loaded new PC 0x10001835
PMSA MPU lookup for execute at 0x10001834 mmu_idx 135 -> Hit (prot rwx)
----------------
IN: _ZN4core3fmt3num55_$LT$impl$u20$core..fmt..LowerHex$u20$for$u20$isize$GT$3fmt17h2179bfdbc5749589E
0x10001834:  
OBJD-T: 70460421084203d1

Trace 0: 0x7b905ec6e200 [00800453/0000000010001834/00000170/ff028000] _ZN4core3fmt3num55_$LT$impl$u20$core..fmt..LowerHex$u20$for$u20$isize$GT$3fmt17h2179bfdbc5749589E
R00=30020000 R01=10100020 R02=10021978 R03=00000000
R04=00000000 R05=00000000 R06=00000000 R07=00000000
R08=00000000 R09=00000000 R10=00000000 R11=00000000
R12=00000000 R13=30007fe0 R14=fffffff9 R15=10001834
XPSR=81000003 N--- T S handler
----------------
IN: HardFault
0x1000183c:  
OBJD-T: eff3088000f004b8

Linking TBs 0x7b905ec6e200 index 1 -> 0x7b905ec6e380
Trace 0: 0x7b905ec6e380 [00800453/000000001000183c/00000170/ff028000] HardFault
R00=fffffff9 R01=00000004 R02=10021978 R03=00000000
R04=00000000 R05=00000000 R06=00000000 R07=00000000
R08=00000000 R09=00000000 R10=00000000 R11=00000000
R12=00000000 R13=30007fe0 R14=fffffff9 R15=1000183c
XPSR=41000003 -Z-- T S handler
----------------
IN: HardFault
0x1000184c:  
OBJD-T: 80b56f468069fff716f9

Linking TBs 0x7b905ec6e380 index 0 -> 0x7b905ec6e4c0
Trace 0: 0x7b905ec6e4c0 [00800453/000000001000184c/00000170/ff028000] HardFault
R00=30007fe0 R01=00000004 R02=10021978 R03=00000000
R04=00000000 R05=00000000 R06=00000000 R07=00000000
R08=00000000 R09=00000000 R10=00000000 R11=00000000
R12=00000000 R13=30007fe0 R14=fffffff9 R15=1000184c
XPSR=41000003 -Z-- T S handler
PMSA MPU lookup for writing at 0x30007fd8 mmu_idx 135 -> Hit (prot rwx)
PMSA MPU lookup for execute at 0x10000a82 mmu_idx 135 -> Hit (prot rwx)
----------------
IN: _ZN6secure15go_to_nonsecure17h3a09a991650a9c2cE
0x10000a82:  
OBJD-T: 80b56f468ab0044641f68200c1f20000122100f014f9

Trace 0: 0x7b905ec6e740 [00800453/0000000010000a82/00000170/ff028000] _ZN6secure15go_to_nonsecure17h3a09a991650a9c2cE
R00=1000081e R01=00000004 R02=10021978 R03=00000000
R04=00000000 R05=00000000 R06=00000000 R07=30007fd8
R08=00000000 R09=00000000 R10=00000000 R11=00000000
R12=00000000 R13=30007fd8 R14=10001857 R15=10000a82
XPSR=41000003 -Z-- T S handler
PMSA MPU lookup for execute at 0x10000cc0 mmu_idx 135 -> Hit (prot rwx)
----------------
IN: _ZN4core3fmt5Write9write_fmt17h01930bba1938149bE
0x10000cc0:  
OBJD-T: f0b503af4df804bd84b00d46044600f0e4f8

Trace 0: 0x7b905ec6e9c0 [00800453/0000000010000cc0/00000170/ff028000] _ZN4core3fmt5Write9write_fmt17h01930bba1938149bE
R00=10001882 R01=00000012 R02=10021978 R03=00000000
R04=1000081e R05=00000000 R06=00000000 R07=30007fd0
R08=00000000 R09=00000000 R10=00000000 R11=00000000
R12=00000000 R13=30007fa8 R14=10000a99 R15=10000cc0
XPSR=01000003 ---- T S handler
----------------
IN: __cpsie
0x10000e9a:  
OBJD-T: eff310807047

Linking TBs 0x7b905ec6e9c0 index 0 -> 0x7b905ec6ed80
Trace 0: 0x7b905ec6ed80 [00800453/0000000010000e9a/00000170/ff028000] __cpsie
R00=10001882 R01=00000012 R02=10021978 R03=00000000
R04=10001882 R05=00000012 R06=00000000 R07=30007fa0
R08=00000000 R09=00000000 R10=00000000 R11=00000000
R12=00000000 R13=30007f80 R14=10000cd3 R15=10000e9a
XPSR=01000003 ---- T S handler
----------------
IN: _ZN20cortex_m_semihosting6export11hstdout_str17he5d00db158c07035E
0x10000cd2:  
OBJD-T: 064600f0ddf8

Trace 0: 0x7b905ec6ef00 [00800453/0000000010000cd2/00000170/ff028000] _ZN20cortex_m_semihosting6export11hstdout_str17he5d00db158c07035E
R00=00000000 R01=00000012 R02=10021978 R03=00000000
R04=10001882 R05=00000012 R06=00000000 R07=30007fa0
R08=00000000 R09=00000000 R10=00000000 R11=00000000
R12=00000000 R13=30007f80 R14=10000cd3 R15=10000cd2
XPSR=01000003 ---- T S handler
----------------
IN: _ZN74_$LT$cortex_m_semihosting..hio..HostStream$u20$as$u20$core..fmt..Write$GT$9write_str17h440d8fc4c09798cfE
0x10000e92:  
OBJD-T: 72b6

Linking TBs 0x7b905ec6ef00 index 0 -> 0x7b905ec6f040
Trace 0: 0x7b905ec6f040 [00800453/0000000010000e92/00000170/ff028000] _ZN74_$LT$cortex_m_semihosting..hio..HostStream$u20$as$u20$core..fmt..Write$GT$9write_str17h440d8fc4c09798cfE
R00=00000000 R01=00000012 R02=10021978 R03=00000000
R04=10001882 R05=00000012 R06=00000000 R07=30007fa0
R08=00000000 R09=00000000 R10=00000000 R11=00000000
R12=00000000 R13=30007f80 R14=10000cd9 R15=10000e92
XPSR=01000003 ---- T S handler
----------------
IN: __cpsid
0x10000e94:  
OBJD-T: 7047

Trace 0: 0x7b905ec6f180 [00800453/0000000010000e94/00000170/ff028000] __cpsid
R00=00000000 R01=00000012 R02=10021978 R03=00000000
R04=10001882 R05=00000012 R06=00000000 R07=30007fa0
R08=00000000 R09=00000000 R10=00000000 R11=00000000
R12=00000000 R13=30007f80 R14=10000cd9 R15=10000e94
XPSR=01000003 ---- T S handler
----------------
IN: _ZN20cortex_m_semihosting6export11hstdout_str17he5d00db158c07035E
0x10000cd8:  
OBJD-T: 40f20003f107c3f20003186803d1

Trace 0: 0x7b905ec6f2c0 [00800453/0000000010000cd8/00000170/ff028000] _ZN20cortex_m_semihosting6export11hstdout_str17he5d00db158c07035E
R00=00000000 R01=00000012 R02=10021978 R03=00000000
R04=10001882 R05=00000012 R06=00000000 R07=30007fa0
R08=00000000 R09=00000000 R10=00000000 R11=00000000
R12=00000000 R13=30007f80 R14=10000cd9 R15=10000cd8
XPSR=01000003 ---- T S handler
PMSA MPU lookup for reading at 0x30000000 mmu_idx 135 -> Hit (prot rwx)
----------------
IN: _ZN20cortex_m_semihosting6export11hstdout_str17he5d00db158c07035E
0x10000ce6:  
OBJD-T: 50b1

Linking TBs 0x7b905ec6f2c0 index 1 -> 0x7b905ec6f4c0
Trace 0: 0x7b905ec6f4c0 [00800453/0000000010000ce6/00000170/ff028000] _ZN20cortex_m_semihosting6export11hstdout_str17he5d00db158c07035E
R00=00000000 R01=00000000 R02=10021978 R03=30000000
R04=10001882 R05=00000012 R06=00000000 R07=30007fa0
R08=00000000 R09=00000000 R10=00000000 R11=00000000
R12=00000000 R13=30007f80 R14=10000cd9 R15=10000ce6
XPSR=41000003 -Z-- T S handler
----------------
IN: _ZN20cortex_m_semihosting6export11hstdout_str17he5d00db158c07035E
0x10000cfe:  
OBJD-T: 032001a903900420029041f66c10c1f20000012601900120abbe

Linking TBs 0x7b905ec6f4c0 index 0 -> 0x7b905ec6f600
Trace 0: 0x7b905ec6f600 [00800453/0000000010000cfe/00000170/ff028000] _ZN20cortex_m_semihosting6export11hstdout_str17he5d00db158c07035E
R00=00000000 R01=00000000 R02=10021978 R03=30000000
R04=10001882 R05=00000012 R06=00000000 R07=30007fa0
R08=00000000 R09=00000000 R10=00000000 R11=00000000
R12=00000000 R13=30007f80 R14=10000cd9 R15=10000cfe
XPSR=41000003 -Z-- T S handler
Taking exception 16 [Semihosting call] on CPU 0
...handling as semihosting call 0x1
PMSA MPU lookup for reading at 0x30007c00 mmu_idx 135 -> Hit (prot rwx)
PMSA MPU lookup for reading at 0x30007c00 mmu_idx 135 -> Hit (prot rwx)
PMSA MPU lookup for reading at 0x30007c00 mmu_idx 135 -> Hit (prot rwx)
PMSA MPU lookup for reading at 0x10001800 mmu_idx 135 -> Hit (prot rwx)
----------------
IN: _ZN20cortex_m_semihosting6export11hstdout_str17he5d00db158c07035E
0x10000d18:  
OBJD-T: 0246013017d0

Trace 0: 0x7b905ec6f8c0 [00800453/0000000010000d18/00000170/ff028000] _ZN20cortex_m_semihosting6export11hstdout_str17he5d00db158c07035E
R00=00000001 R01=30007f84 R02=10021978 R03=30000000
R04=10001882 R05=00000012 R06=00000001 R07=30007fa0
R08=00000000 R09=00000000 R10=00000000 R11=00000000
R12=00000000 R13=30007f80 R14=10000cd9 R15=10000d18
XPSR=01000003 ---- T S handler
----------------
IN: _ZN20cortex_m_semihosting6export11hstdout_str17he5d00db158c07035E
0x10000d1e:  
OBJD-T: c3e90062a5b1

Linking TBs 0x7b905ec6f8c0 index 1 -> 0x7b905ec6fa40
Trace 0: 0x7b905ec6fa40 [00800453/0000000010000d1e/00000170/ff028000] _ZN20cortex_m_semihosting6export11hstdout_str17he5d00db158c07035E
R00=00000002 R01=30007f84 R02=00000001 R03=30000000
R04=10001882 R05=00000012 R06=00000001 R07=30007fa0
R08=00000000 R09=00000000 R10=00000000 R11=00000000
R12=00000000 R13=30007f80 R14=10000cd9 R15=10000d1e
XPSR=01000003 ---- T S handler
----------------
IN: _ZN20cortex_m_semihosting6export11hstdout_str17he5d00db158c07035E
0x10000d24:  
OBJD-T: 01a801a934c00520abbe

Linking TBs 0x7b905ec6fa40 index 1 -> 0x7b905ec6fc00
Trace 0: 0x7b905ec6fc00 [00800453/0000000010000d24/00000170/ff028000] _ZN20cortex_m_semihosting6export11hstdout_str17he5d00db158c07035E
R00=00000002 R01=30007f84 R02=00000001 R03=30000000
R04=10001882 R05=00000012 R06=00000001 R07=30007fa0
R08=00000000 R09=00000000 R10=00000000 R11=00000000
R12=00000000 R13=30007f80 R14=10000cd9 R15=10000d24
XPSR=01000003 ---- T S handler
Taking exception 16 [Semihosting call] on CPU 0
...handling as semihosting call 0x5
PMSA MPU lookup for reading at 0x30007c00 mmu_idx 135 -> Hit (prot rwx)
PMSA MPU lookup for reading at 0x30007c00 mmu_idx 135 -> Hit (prot rwx)
PMSA MPU lookup for reading at 0x30007c00 mmu_idx 135 -> Hit (prot rwx)
PMSA MPU lookup for reading at 0x10001800 mmu_idx 135 -> Hit (prot rwx)
PMSA MPU lookup for reading at 0x30007c00 mmu_idx 135 -> Hit (prot rwx)
----------------
IN: _ZN20cortex_m_semihosting6export11hstdout_str17he5d00db158c07035E
0x10000d2e:  
OBJD-T: 411ea9420cd2

Trace 0: 0x7b905ec6fe80 [00800453/0000000010000d2e/00000170/ff028000] _ZN20cortex_m_semihosting6export11hstdout_str17he5d00db158c07035E
R00=00000000 R01=30007f84 R02=00000001 R03=30000000
R04=10001882 R05=00000012 R06=00000001 R07=30007fa0
R08=00000000 R09=00000000 R10=00000000 R11=00000000
R12=00000000 R13=30007f80 R14=10000cd9 R15=10000d2e
XPSR=01000003 ---- T S handler
----------------
IN: _ZN20cortex_m_semihosting6export11hstdout_str17he5d00db158c07035E
0x10000d4e:  
OBJD-T: 00f0a2f8

Linking TBs 0x7b905ec6fe80 index 0 -> 0x7b905ec70000
Trace 0: 0x7b905ec70000 [00800453/0000000010000d4e/00000170/ff028000] _ZN20cortex_m_semihosting6export11hstdout_str17he5d00db158c07035E
R00=00000000 R01=ffffffff R02=00000001 R03=30000000
R04=10001882 R05=00000012 R06=00000001 R07=30007fa0
R08=00000000 R09=00000000 R10=00000000 R11=00000000
R12=00000000 R13=30007f80 R14=10000cd9 R15=10000d4e
XPSR=a1000003 N-C- T S handler
----------------
IN: __cpsid
0x10000e96:  
OBJD-T: 62b6

Linking TBs 0x7b905ec70000 index 0 -> 0x7b905ec70140
Trace 0: 0x7b905ec70140 [00800453/0000000010000e96/00000170/ff028000] __cpsid
R00=00000000 R01=ffffffff R02=00000001 R03=30000000
R04=10001882 R05=00000012 R06=00000001 R07=30007fa0
R08=00000000 R09=00000000 R10=00000000 R11=00000000
R12=00000000 R13=30007f80 R14=10000d53 R15=10000e96
XPSR=a1000003 N-C- T S handler
----------------
IN: __cpsie
0x10000e98:  
OBJD-T: 7047

Trace 0: 0x7b905ec70280 [00800453/0000000010000e98/00000170/ff028000] __cpsie
R00=00000000 R01=ffffffff R02=00000001 R03=30000000
R04=10001882 R05=00000012 R06=00000001 R07=30007fa0
R08=00000000 R09=00000000 R10=00000000 R11=00000000
R12=00000000 R13=30007f80 R14=10000d53 R15=10000e98
XPSR=a1000003 N-C- T S handler
----------------
IN: _ZN20cortex_m_semihosting6export11hstdout_str17he5d00db158c07035E
0x10000d52:  
OBJD-T: 04b05df804bbf0bd

Trace 0: 0x7b905ec703c0 [00800453/0000000010000d52/00000170/ff028000] _ZN20cortex_m_semihosting6export11hstdout_str17he5d00db158c07035E
R00=00000000 R01=ffffffff R02=00000001 R03=30000000
R04=10001882 R05=00000012 R06=00000001 R07=30007fa0
R08=00000000 R09=00000000 R10=00000000 R11=00000000
R12=00000000 R13=30007f80 R14=10000d53 R15=10000d52
XPSR=a1000003 N-C- T S handler
----------------
IN: _ZN6secure23__cortex_m_rt_HardFault17h4960185d70e7df58E
0x10000a98:  
OBJD-T: 012041f6ac010690c1f20001049007a8039041f28770c1f20000059102210890
OBJD-T: 09a8029141f69c01079001a8c1f200010191099400f06ff9

Trace 0: 0x7b905ec70740 [00800453/0000000010000a98/00000170/ff028000] _ZN6secure23__cortex_m_rt_HardFault17h4960185d70e7df58E
R00=00000000 R01=ffffffff R02=00000001 R03=30000000
R04=1000081e R05=00000000 R06=00000000 R07=30007fd0
R08=00000000 R09=00000000 R10=00000000 R11=00000000
R12=00000000 R13=30007fa8 R14=10000d53 R15=10000a98
XPSR=a1000003 N-C- T S handler
----------------
IN: _ZN20cortex_m_semihosting6export11hstdout_str17he5d00db158c07035E
0x10000dae:  
OBJD-T: b0b502af84b0044600f070f8

Trace 0: 0x7b905ec70c40 [00800453/0000000010000dae/00000170/ff028000] _ZN20cortex_m_semihosting6export11hstdout_str17he5d00db158c07035E
R00=30007fac R01=1000189c R02=00000001 R03=30000000
R04=1000081e R05=00000000 R06=00000000 R07=30007fd0
R08=00000000 R09=00000000 R10=00000000 R11=00000000
R12=00000000 R13=30007fa8 R14=10000ad1 R15=10000dae
XPSR=21000003 --C- T S handler
Linking TBs 0x7b905ec70c40 index 0 -> 0x7b905ec6ed80
Trace 0: 0x7b905ec6ed80 [00800453/0000000010000e9a/00000170/ff028000] __cpsie
R00=30007fac R01=1000189c R02=00000001 R03=30000000
R04=30007fac R05=00000000 R06=00000000 R07=30007fa0
R08=00000000 R09=00000000 R10=00000000 R11=00000000
R12=00000000 R13=30007f88 R14=10000dbb R15=10000e9a
XPSR=21000003 --C- T S handler
----------------
IN: _ZN20cortex_m_semihosting6export11hstdout_fmt17he8331d53320a4f53E
0x10000dba:  
OBJD-T: 054600f069f8

Trace 0: 0x7b905ec70f40 [00800453/0000000010000dba/00000170/ff028000] _ZN20cortex_m_semihosting6export11hstdout_fmt17he8331d53320a4f53E
R00=00000000 R01=1000189c R02=00000001 R03=30000000
R04=30007fac R05=00000000 R06=00000000 R07=30007fa0
R08=00000000 R09=00000000 R10=00000000 R11=00000000
R12=00000000 R13=30007f88 R14=10000dbb R15=10000dba
XPSR=21000003 --C- T S handler
Linking TBs 0x7b905ec70f40 index 0 -> 0x7b905ec6f040
Trace 0: 0x7b905ec6f040 [00800453/0000000010000e92/00000170/ff028000] _ZN74_$LT$cortex_m_semihosting..hio..HostStream$u20$as$u20$core..fmt..Write$GT$9write_str17h440d8fc4c09798cfE
R00=00000000 R01=1000189c R02=00000001 R03=30000000
R04=30007fac R05=00000000 R06=00000000 R07=30007fa0
R08=00000000 R09=00000000 R10=00000000 R11=00000000
R12=00000000 R13=30007f88 R14=10000dc1 R15=10000e92
XPSR=21000003 --C- T S handler
Trace 0: 0x7b905ec6f180 [00800453/0000000010000e94/00000170/ff028000] __cpsid
R00=00000000 R01=1000189c R02=00000001 R03=30000000
R04=30007fac R05=00000000 R06=00000000 R07=30007fa0
R08=00000000 R09=00000000 R10=00000000 R11=00000000
R12=00000000 R13=30007f88 R14=10000dc1 R15=10000e94
XPSR=21000003 --C- T S handler
----------------
IN: _ZN20cortex_m_semihosting6export11hstdout_fmt17he8331d53320a4f53E
0x10000dc0:  
OBJD-T: 40f20002e807c3f200021ed1

Trace 0: 0x7b905ec71080 [00800453/0000000010000dc0/00000170/ff028000] _ZN20cortex_m_semihosting6export11hstdout_fmt17he8331d53320a4f53E
R00=00000000 R01=1000189c R02=00000001 R03=30000000
R04=30007fac R05=00000000 R06=00000000 R07=30007fa0
R08=00000000 R09=00000000 R10=00000000 R11=00000000
R12=00000000 R13=30007f88 R14=10000dc1 R15=10000dc0
XPSR=21000003 --C- T S handler
----------------
IN: _ZN20cortex_m_semihosting6export11hstdout_fmt17he8331d53320a4f53E
0x10000dcc:  
OBJD-T: 106880b9

Linking TBs 0x7b905ec71080 index 1 -> 0x7b905ec71200
Trace 0: 0x7b905ec71200 [00800453/0000000010000dcc/00000170/ff028000] _ZN20cortex_m_semihosting6export11hstdout_fmt17he8331d53320a4f53E
R00=00000000 R01=1000189c R02=30000000 R03=30000000
R04=30007fac R05=00000000 R06=00000000 R07=30007fa0
R08=00000000 R09=00000000 R10=00000000 R11=00000000
R12=00000000 R13=30007f88 R14=10000dc1 R15=10000dcc
XPSR=41000003 -Z-- T S handler
----------------
IN: _ZN20cortex_m_semihosting6export11hstdout_fmt17he8331d53320a4f53E
0x10000df2:  
OBJD-T: 41f65411101dc1f20001224600f055f8

Linking TBs 0x7b905ec71200 index 0 -> 0x7b905ec713c0
Trace 0: 0x7b905ec713c0 [00800453/0000000010000df2/00000170/ff028000] _ZN20cortex_m_semihosting6export11hstdout_fmt17he8331d53320a4f53E
R00=00000001 R01=1000189c R02=30000000 R03=30000000
R04=30007fac R05=00000000 R06=00000000 R07=30007fa0
R08=00000000 R09=00000000 R10=00000000 R11=00000000
R12=00000000 R13=30007f88 R14=10000dc1 R15=10000df2
XPSR=41000003 -Z-- T S handler
----------------
IN: DefaultPreInit
0x10000eac:  
OBJD-T: f0b503af2de9000f85b092460022daf8106001ab04922022002ecef2000207c3
OBJD-T: 5dd0

Linking TBs 0x7b905ec713c0 index 0 -> 0x7b905ec71540
Trace 0: 0x7b905ec71540 [00800453/0000000010000eac/00000170/ff028000] DefaultPreInit
R00=30000004 R01=10001954 R02=30007fac R03=30000000
R04=30007fac R05=00000000 R06=00000000 R07=30007fa0
R08=00000000 R09=00000000 R10=00000000 R11=00000000
R12=00000000 R13=30007f88 R14=10000e03 R15=10000eac
XPSR=01000003 ---- T S handler
----------------
IN: _ZN4core3fmt5write17h6b779db6bec6a9d1E
0x10000ece:  
OBJD-T: daf81400002800f08680

Linking TBs 0x7b905ec71540 index 1 -> 0x7b905ec71c40
Trace 0: 0x7b905ec71c40 [00800453/0000000010000ece/00000170/ff028000] _ZN4core3fmt5write17h6b779db6bec6a9d1E
R00=30000004 R01=10001954 R02=e0000020 R03=30007f60
R04=30007fac R05=00000000 R06=100018ac R07=30007f80
R08=00000000 R09=00000000 R10=30007fac R11=00000000
R12=00000000 R13=30007f50 R14=10000e03 R15=10000ece
XPSR=21000003 --C- T S handler
----------------
IN: _ZN4core3fmt5write17h6b779db6bec6a9d1E
0x10000ed8:  
OBJD-T: 00eb4001daf80050daf80840013820f060404feac10b4ff000084ff000090130
OBJD-T: 009005eb09014a6832b1

Linking TBs 0x7b905ec71c40 index 1 -> 0x7b905ec71e00
Trace 0: 0x7b905ec71e00 [00800453/0000000010000ed8/00000170/ff028000] _ZN4core3fmt5write17h6b779db6bec6a9d1E
R00=00000001 R01=10001954 R02=e0000020 R03=30007f60
R04=30007fac R05=00000000 R06=100018ac R07=30007f80
R08=00000000 R09=00000000 R10=30007fac R11=00000000
R12=00000000 R13=30007f50 R14=10000e03 R15=10000ed8
XPSR=21000003 --C- T S handler
----------------
IN: _ZN4core3fmt5write17h6b779db6bec6a9d1E
0x10000f02:  
OBJD-T: dde90103db6809689847

Linking TBs 0x7b905ec71e00 index 1 -> 0x7b905ec72140
Trace 0: 0x7b905ec72140 [00800453/0000000010000f02/00000170/ff028000] _ZN4core3fmt5write17h6b779db6bec6a9d1E
R00=00000001 R01=1000189c R02=00000007 R03=30007f60
R04=30007fc4 R05=1000189c R06=100018ac R07=30007f80
R08=00000000 R09=00000000 R10=30007fac R11=00000018
R12=00000000 R13=30007f50 R14=10000e03 R15=10000f02
XPSR=01000003 ---- T S handler
----------------
IN: _ZN20cortex_m_semihosting6export11hstdout_fmt17he8331d53320a4f53E
0x10000e44:  
OBJD-T: 002a04bf00207047

Trace 0: 0x7b905ec72380 [00800453/0000000010000e44/00000170/ff028000] _ZN20cortex_m_semihosting6export11hstdout_fmt17he8331d53320a4f53E
R00=30000004 R01=10001894 R02=00000007 R03=10000e45
R04=30007fc4 R05=1000189c R06=100018ac R07=30007f80
R08=00000000 R09=00000000 R10=30007fac R11=00000018
R12=00000000 R13=30007f50 R14=10000f0d R15=10000e44
XPSR=01000003 ---- T S handler
----------------
IN: _ZN74_$LT$cortex_m_semihosting..hio..HostStream$u20$as$u20$core..fmt..Write$GT$9write_str17h440d8fc4c09798cfE
0x10000e4c:  
OBJD-T: 80b56f4683b0d0f800c08e46cde900c1694602920520abbe

Linking TBs 0x7b905ec72380 index 1 -> 0x7b905ec72540
Trace 0: 0x7b905ec72540 [00800453/0000000010000e4c/00000170/ff028000] _ZN74_$LT$cortex_m_semihosting..hio..HostStream$u20$as$u20$core..fmt..Write$GT$9write_str17h440d8fc4c09798cfE
R00=30000004 R01=10001894 R02=00000007 R03=10000e45
R04=30007fc4 R05=1000189c R06=100018ac R07=30007f80
R08=00000000 R09=00000000 R10=30007fac R11=00000018
R12=00000000 R13=30007f50 R14=10000f0d R15=10000e4c
XPSR=21000003 --C- T S handler
Taking exception 16 [Semihosting call] on CPU 0
...handling as semihosting call 0x5
PMSA MPU lookup for reading at 0x30007c00 mmu_idx 135 -> Hit (prot rwx)
PMSA MPU lookup for reading at 0x30007c00 mmu_idx 135 -> Hit (prot rwx)
PMSA MPU lookup for reading at 0x30007c00 mmu_idx 135 -> Hit (prot rwx)
PMSA MPU lookup for reading at 0x10001800 mmu_idx 135 -> Hit (prot rwx)
PMSA MPU lookup for reading at 0x30007c00 mmu_idx 135 -> Hit (prot rwx)
----------------
IN: _ZN74_$LT$cortex_m_semihosting..hio..HostStream$u20$as$u20$core..fmt..Write$GT$9write_str17h440d8fc4c09798cfE
0x10000e64:  
OBJD-T: 411e91420ed2

Trace 0: 0x7b905ec728c0 [00800453/0000000010000e64/00000170/ff028000] _ZN74_$LT$cortex_m_semihosting..hio..HostStream$u20$as$u20$core..fmt..Write$GT$9write_str17h440d8fc4c09798cfE
R00=00000000 R01=30007f3c R02=00000007 R03=10000e45
R04=30007fc4 R05=1000189c R06=100018ac R07=30007f48
R08=00000000 R09=00000000 R10=30007fac R11=00000018
R12=00000001 R13=30007f3c R14=10001894 R15=10000e64
XPSR=21000003 --C- T S handler
----------------
IN: _ZN74_$LT$cortex_m_semihosting..hio..HostStream$u20$as$u20$core..fmt..Write$GT$9write_str17h440d8fc4c09798cfE
0x10000e88:  
OBJD-T: 002818bf012003b080bd

Linking TBs 0x7b905ec728c0 index 0 -> 0x7b905ec72a40
Trace 0: 0x7b905ec72a40 [00800453/0000000010000e88/00000170/ff028000] _ZN74_$LT$cortex_m_semihosting..hio..HostStream$u20$as$u20$core..fmt..Write$GT$9write_str17h440d8fc4c09798cfE
R00=00000000 R01=ffffffff R02=00000007 R03=10000e45
R04=30007fc4 R05=1000189c R06=100018ac R07=30007f48
R08=00000000 R09=00000000 R10=30007fac R11=00000018
R12=00000001 R13=30007f3c R14=10001894 R15=10000e88
XPSR=a1000003 N-C- T S handler
----------------
IN: _ZN4core3fmt5write17h6b779db6bec6a9d1E
0x10000f0c:  
OBJD-T: 00287ad1

Trace 0: 0x7b905ec72cc0 [00800453/0000000010000f0c/00000170/ff028000] _ZN4core3fmt5write17h6b779db6bec6a9d1E
R00=00000000 R01=ffffffff R02=00000007 R03=10000e45
R04=30007fc4 R05=1000189c R06=100018ac R07=30007f80
R08=00000000 R09=00000000 R10=30007fac R11=00000018
R12=00000001 R13=30007f50 R14=10001894 R15=10000f0c
XPSR=61000003 -ZC- T S handler
----------------
IN: _ZN4core3fmt5write17h6b779db6bec6a9d1E
0x10000f10:  
OBJD-T: 09eb49003044018981b1

Linking TBs 0x7b905ec72cc0 index 1 -> 0x7b905ec72e40
Trace 0: 0x7b905ec72e40 [00800453/0000000010000f10/00000170/ff028000] _ZN4core3fmt5write17h6b779db6bec6a9d1E
R00=00000000 R01=ffffffff R02=00000007 R03=10000e45
R04=30007fc4 R05=1000189c R06=100018ac R07=30007f80
R08=00000000 R09=00000000 R10=30007fac R11=00000018
R12=00000001 R13=30007f50 R14=10001894 R15=10000f10
XPSR=61000003 -ZC- T S handler
----------------
IN: _ZN4core3fmt5write17h6b779db6bec6a9d1E
0x10000f3c:  
OBJD-T: 06eb0801498936f80820022af1d1

Linking TBs 0x7b905ec72e40 index 0 -> 0x7b905ec73000
Trace 0: 0x7b905ec73000 [00800453/0000000010000f3c/00000170/ff028000] _ZN4core3fmt5write17h6b779db6bec6a9d1E
R00=100018ac R01=00000000 R02=00000007 R03=10000e45
R04=30007fc4 R05=1000189c R06=100018ac R07=30007f80
R08=00000000 R09=00000000 R10=30007fac R11=00000018
R12=00000001 R13=30007f50 R14=10001894 R15=10000f3c
XPSR=61000003 -ZC- T S handler
----------------
IN: _ZN4core3fmt5write17h6b779db6bec6a9d1E
0x10000f4a:  
OBJD-T: 002206e0

Linking TBs 0x7b905ec73000 index 1 -> 0x7b905ec73240
Trace 0: 0x7b905ec73240 [00800453/0000000010000f4a/00000170/ff028000] _ZN4core3fmt5write17h6b779db6bec6a9d1E
R00=100018ac R01=00000008 R02=00000002 R03=10000e45
R04=30007fc4 R05=1000189c R06=100018ac R07=30007f80
R08=00000000 R09=00000000 R10=30007fac R11=00000018
R12=00000001 R13=30007f50 R14=10001894 R15=10000f4a
XPSR=61000003 -ZC- T S handler
----------------
IN: _ZN4core3fmt5write17h6b779db6bec6a9d1E
0x10000f5c:  
OBJD-T: adf81010d0e90410adf81220039054f8310004ebc1014a6801a99047

Linking TBs 0x7b905ec73240 index 0 -> 0x7b905ec73380
Trace 0: 0x7b905ec73380 [00800453/0000000010000f5c/00000170/ff028000] _ZN4core3fmt5write17h6b779db6bec6a9d1E
R00=100018ac R01=00000008 R02=00000000 R03=10000e45
R04=30007fc4 R05=1000189c R06=100018ac R07=30007f80
R08=00000000 R09=00000000 R10=30007fac R11=00000018
R12=00000001 R13=30007f50 R14=10001894 R15=10000f5c
XPSR=61000003 -ZC- T S handler
PMSA MPU lookup for execute at 0x10001786 mmu_idx 135 -> Hit (prot rwx)
----------------
IN: _ZN4core3str5count14do_count_chars17heb798f2dcabb9eb4E
0x10001786:  
OBJD-T: b0b502afa2b08c4601680df1080e8023812001f00f0202f157040a2a38bf02f1
OBJD-T: 30040eeb000202f8024c0c0929d0

Trace 0: 0x7b905ec73740 [00800453/0000000010001786/00000170/ff028000] _ZN4core3str5count14do_count_chars17heb798f2dcabb9eb4E
R00=30007fcc R01=30007f54 R02=10001787 R03=10000e45
R04=30007fc4 R05=1000189c R06=100018ac R07=30007f80
R08=00000000 R09=00000000 R10=30007fac R11=00000018
R12=00000001 R13=30007f50 R14=10000f79 R15=10001786
XPSR=61000003 -ZC- T S handler
----------------
IN: _ZN4core3fmt3num55_$LT$impl$u20$core..fmt..LowerHex$u20$for$u20$isize$GT$3fmt17h2179bfdbc5749589E
0x100017b4:  
OBJD-T: 04f00f0404f157050a2c38bf04f130050c0a02f8035c1fd0

Linking TBs 0x7b905ec73740 index 1 -> 0x7b905ec73bc0
Trace 0: 0x7b905ec73bc0 [00800453/00000000100017b4/00000170/ff028000] _ZN4core3fmt3num55_$LT$impl$u20$core..fmt..LowerHex$u20$for$u20$isize$GT$3fmt17h2179bfdbc5749589E
R00=00000081 R01=1000081e R02=30007f41 R03=00000080
R04=01000081 R05=1000189c R06=100018ac R07=30007f48
R08=00000000 R09=00000000 R10=30007fac R11=00000018
R12=30007f54 R13=30007eb8 R14=30007ec0 R15=100017b4
XPSR=21000003 --C- T S handler
----------------
IN: _ZN4core3fmt3num55_$LT$impl$u20$core..fmt..LowerHex$u20$for$u20$isize$GT$3fmt17h2179bfdbc5749589E
0x100017cc:  
OBJD-T: 04f00f04043804f157050a2c38bf04f130050c0b02f8045c15d0

Linking TBs 0x7b905ec73bc0 index 1 -> 0x7b905ec73e00
Trace 0: 0x7b905ec73e00 [00800453/00000000100017cc/00000170/ff028000] _ZN4core3fmt3num55_$LT$impl$u20$core..fmt..LowerHex$u20$for$u20$isize$GT$3fmt17h2179bfdbc5749589E
R00=00000081 R01=1000081e R02=30007f41 R03=00000080
R04=00100008 R05=00000031 R06=100018ac R07=30007f48
R08=00000000 R09=00000000 R10=30007fac R11=00000018
R12=30007f54 R13=30007eb8 R14=30007ec0 R15=100017cc
XPSR=01000003 ---- T S handler
----------------
IN: _ZN4core3fmt3num55_$LT$impl$u20$core..fmt..LowerHex$u20$for$u20$isize$GT$3fmt17h2179bfdbc5749589E
0x100017e6:  
OBJD-T: 04f00f04043b04f157050a2c38bf04f13005090c02f8055ccbd1

Linking TBs 0x7b905ec73e00 index 1 -> 0x7b905ec74040
Trace 0: 0x7b905ec74040 [00800453/00000000100017e6/00000170/ff028000] _ZN4core3fmt3num55_$LT$impl$u20$core..fmt..LowerHex$u20$for$u20$isize$GT$3fmt17h2179bfdbc5749589E
R00=0000007d R01=1000081e R02=30007f41 R03=00000080
R04=00010000 R05=00000038 R06=100018ac R07=30007f48
R08=00000000 R09=00000000 R10=30007fac R11=00000018
R12=30007f54 R13=30007eb8 R14=30007ec0 R15=100017e6
XPSR=21000003 --C- T S handler
----------------
IN: _ZN4core3fmt3num55_$LT$impl$u20$core..fmt..LowerHex$u20$for$u20$isize$GT$3fmt17h2179bfdbc5749589E
0x10001798:  
OBJD-T: 01f00f0202f157040a2a38bf02f130040eeb000202f8024c0c0929d0

Linking TBs 0x7b905ec74040 index 0 -> 0x7b905ec74280
Trace 0: 0x7b905ec74280 [00800453/0000000010001798/00000170/ff028000] _ZN4core3fmt3num55_$LT$impl$u20$core..fmt..LowerHex$u20$for$u20$isize$GT$3fmt17h2179bfdbc5749589E
R00=0000007d R01=00001000 R02=30007f41 R03=0000007c
R04=00000000 R05=00000030 R06=100018ac R07=30007f48
R08=00000000 R09=00000000 R10=30007fac R11=00000018
R12=30007f54 R13=30007eb8 R14=30007ec0 R15=10001798
XPSR=01000003 ---- T S handler
Linking TBs 0x7b905ec74280 index 1 -> 0x7b905ec73bc0
Trace 0: 0x7b905ec73bc0 [00800453/00000000100017b4/00000170/ff028000] _ZN4core3fmt3num55_$LT$impl$u20$core..fmt..LowerHex$u20$for$u20$isize$GT$3fmt17h2179bfdbc5749589E
R00=0000007d R01=00001000 R02=30007f3d R03=0000007c
R04=00000100 R05=00000030 R06=100018ac R07=30007f48
R08=00000000 R09=00000000 R10=30007fac R11=00000018
R12=30007f54 R13=30007eb8 R14=30007ec0 R15=100017b4
XPSR=01000003 ---- T S handler
----------------
IN: _ZN4core3fmt3num55_$LT$impl$u20$core..fmt..LowerHex$u20$for$u20$isize$GT$3fmt17h2179bfdbc5749589E
0x10001800:  
OBJD-T: 411e0346084605e0

Trace 0: 0x7b905ec744c0 [00800453/0000000010001800/00000170/ff028000] _ZN4core3fmt3num55_$LT$impl$u20$core..fmt..LowerHex$u20$for$u20$isize$GT$3fmt17h2179bfdbc5749589E
R00=00000079 R01=00000000 R02=30007f3d R03=00000078
R04=00000001 R05=00000031 R06=100018ac R07=30007f48
R08=00000000 R09=00000000 R10=30007fac R11=00000018
R12=30007f54 R13=30007eb8 R14=30007ec0 R15=10001800
XPSR=41000003 -Z-- T S handler
----------------
IN: _ZN4core3fmt3num55_$LT$impl$u20$core..fmt..LowerHex$u20$for$u20$isize$GT$3fmt17h2179bfdbc5749589E
0x10001814:  
OBJD-T: c3f1810141f670127044c1f20002cde90001604601210223fff7f6fb

Linking TBs 0x7b905ec744c0 index 0 -> 0x7b905ec74640
Trace 0: 0x7b905ec74640 [00800453/0000000010001814/00000170/ff028000] _ZN4core3fmt3num55_$LT$impl$u20$core..fmt..LowerHex$u20$for$u20$isize$GT$3fmt17h2179bfdbc5749589E
R00=00000078 R01=00000078 R02=30007f3d R03=00000079
R04=00000001 R05=00000031 R06=100018ac R07=30007f48
R08=00000000 R09=00000000 R10=30007fac R11=00000018
R12=30007f54 R13=30007eb8 R14=30007ec0 R15=10001814
XPSR=21000003 --C- T S handler
PMSA MPU lookup for execute at 0x1000101c mmu_idx 135 -> Hit (prot rwx)
----------------
IN: 
0x1000101c:  
OBJD-T: f0b503af2de9000f87b0fe689a461546814659b1

Trace 0: 0x7b905ec74840 [00800453/000000001000101c/00000170/ff028000] 
R00=30007f54 R01=00000001 R02=10001970 R03=00000002
R04=00000001 R05=00000031 R06=100018ac R07=30007f48
R08=00000000 R09=00000000 R10=30007fac R11=00000018
R12=30007f54 R13=30007eb8 R14=10001831 R15=1000101c
XPSR=21000003 --C- T S handler
----------------
IN: _ZN4core3fmt9Formatter12pad_integral17he45caf015f88cac7E
0x10001030:  
OBJD-T: d9f808b01bf4001006eb50584ff02b0008bf4ff4881004e0

Linking TBs 0x7b905ec74840 index 1 -> 0x7b905ec74d80
Trace 0: 0x7b905ec74d80 [00800453/0000000010001030/00000170/ff028000] _ZN4core3fmt9Formatter12pad_integral17he45caf015f88cac7E
R00=30007f54 R01=00000001 R02=10001970 R03=00000002
R04=00000001 R05=10001970 R06=00000008 R07=30007eb0
R08=00000000 R09=30007f54 R10=00000002 R11=00000018
R12=30007f54 R13=30007e78 R14=10001831 R15=10001030
XPSR=21000003 --C- T S handler
----------------
IN: _ZN4core3fmt9Formatter12pad_integral17he45caf015f88cac7E
0x10001052:  
OBJD-T: 0590b86804905fea0b20cdf818a016d4

Linking TBs 0x7b905ec74d80 index 0 -> 0x7b905ec74f40
Trace 0: 0x7b905ec74f40 [00800453/0000000010001052/00000170/ff028000] _ZN4core3fmt9Formatter12pad_integral17he45caf015f88cac7E
R00=00110000 R01=00000001 R02=10001970 R03=00000002
R04=00000001 R05=10001970 R06=00000008 R07=30007eb0
R08=00000008 R09=30007f54 R10=00000002 R11=e9000020
R12=30007f54 R13=30007e78 R14=10001831 R15=10001052
XPSR=41000003 -Z-- T S handler
----------------
IN: _ZN4core3fmt9Formatter12pad_integral17he45caf015f88cac7E
0x10001062:  
OBJD-T: 0025b9f80ca0d04579d3

Linking TBs 0x7b905ec74f40 index 1 -> 0x7b905ec75240
Trace 0: 0x7b905ec75240 [00800453/0000000010001062/00000170/ff028000] _ZN4core3fmt9Formatter12pad_integral17he45caf015f88cac7E
R00=00002000 R01=00000001 R02=10001970 R03=00000002
R04=00000001 R05=10001970 R06=00000008 R07=30007eb0
R08=00000008 R09=30007f54 R10=00000002 R11=e9000020
R12=30007f54 R13=30007e78 R14=10001831 R15=10001062
XPSR=21000003 --C- T S handler
----------------
IN: _ZN4core3fmt9Formatter12pad_integral17he45caf015f88cac7E
0x1000106c:  
OBJD-T: 06982b46d9e9004500902946059a204600f0fbf8

Linking TBs 0x7b905ec75240 index 1 -> 0x7b905ec75440
Trace 0: 0x7b905ec75440 [00800453/000000001000106c/00000170/ff028000] _ZN4core3fmt9Formatter12pad_integral17he45caf015f88cac7E
R00=00002000 R01=00000001 R02=10001970 R03=00000002
R04=00000001 R05=00000000 R06=00000008 R07=30007eb0
R08=00000008 R09=30007f54 R10=00000008 R11=e9000020
R12=30007f54 R13=30007e78 R14=10001831 R15=1000106c
XPSR=61000003 -ZC- T S handler
----------------
IN: _ZN4core3fmt9Formatter12pad_integral17he45caf015f88cac7E
0x10001276:  
OBJD-T: f0b503af4df8048dd7f808801c460e46b2f5881f0ad0

Linking TBs 0x7b905ec75440 index 0 -> 0x7b905ec75700
Trace 0: 0x7b905ec75700 [00800453/0000000010001276/00000170/ff028000] _ZN4core3fmt9Formatter12pad_integral17he45caf015f88cac7E
R00=30000004 R01=10001954 R02=00110000 R03=00000000
R04=30000004 R05=10001954 R06=00000008 R07=30007eb0
R08=00000008 R09=30007f54 R10=00000008 R11=e9000020
R12=30007f54 R13=30007e78 R14=10001081 R15=10001276
XPSR=61000003 -ZC- T S handler
----------------
IN: _ZN4core3fmt9Formatter12pad_integral12write_prefix17h86997dd5cf30f79fE
0x100012a2:  
OBJD-T: 3cb1

Linking TBs 0x7b905ec75700 index 0 -> 0x7b905ec75b80
Trace 0: 0x7b905ec75b80 [00800453/00000000100012a2/00000170/ff028000] _ZN4core3fmt9Formatter12pad_integral12write_prefix17h86997dd5cf30f79fE
R00=30000004 R01=10001954 R02=00110000 R03=00000000
R04=00000000 R05=10001954 R06=10001954 R07=30007e70
R08=00000002 R09=30007f54 R10=00000008 R11=e9000020
R12=30007f54 R13=30007e60 R14=10001081 R15=100012a2
XPSR=61000003 -ZC- T S handler
----------------
IN: _ZN4core3fmt9Formatter12pad_integral12write_prefix17h86997dd5cf30f79fE
0x100012b4:  
OBJD-T: 00205df8048bf0bd

Linking TBs 0x7b905ec75b80 index 0 -> 0x7b905ec75cc0
Trace 0: 0x7b905ec75cc0 [00800453/00000000100012b4/00000170/ff028000] _ZN4core3fmt9Formatter12pad_integral12write_prefix17h86997dd5cf30f79fE
R00=30000004 R01=10001954 R02=00110000 R03=00000000
R04=00000000 R05=10001954 R06=10001954 R07=30007e70
R08=00000002 R09=30007f54 R10=00000008 R11=e9000020
R12=30007f54 R13=30007e60 R14=10001081 R15=100012b4
XPSR=61000003 -ZC- T S handler
----------------
IN: _ZN4core3fmt9Formatter12pad_integral17he45caf015f88cac7E
0x10001080:  
OBJD-T: 00283ed0

Trace 0: 0x7b905ec76040 [00800453/0000000010001080/00000170/ff028000] _ZN4core3fmt9Formatter12pad_integral17he45caf015f88cac7E
R00=00000000 R01=10001954 R02=00110000 R03=00000000
R04=30000004 R05=10001954 R06=00000008 R07=30007eb0
R08=00000008 R09=30007f54 R10=00000008 R11=e9000020
R12=30007f54 R13=30007e78 R14=10001081 R15=10001080
XPSR=61000003 -ZC- T S handler
----------------
IN: _ZN4core3fmt9Formatter12pad_integral17he45caf015f88cac7E
0x10001102:  
OBJD-T: eb6820460499324607b0bde8000fbde8f0401847

Linking TBs 0x7b905ec76040 index 0 -> 0x7b905ec761c0
Trace 0: 0x7b905ec761c0 [00800453/0000000010001102/00000170/ff028000] _ZN4core3fmt9Formatter12pad_integral17he45caf015f88cac7E
R00=00000000 R01=10001954 R02=00110000 R03=00000000
R04=30000004 R05=10001954 R06=00000008 R07=30007eb0
R08=00000008 R09=30007f54 R10=00000008 R11=e9000020
R12=30007f54 R13=30007e78 R14=10001081 R15=10001102
XPSR=61000003 -ZC- T S handler
Trace 0: 0x7b905ec72380 [00800453/0000000010000e44/00000170/ff028000] _ZN20cortex_m_semihosting6export11hstdout_fmt17he8331d53320a4f53E
R00=30000004 R01=30007f38 R02=00000008 R03=10000e45
R04=00000001 R05=00000031 R06=100018ac R07=30007f48
R08=00000000 R09=00000000 R10=30007fac R11=00000018
R12=30007f54 R13=30007eb8 R14=10001831 R15=10000e44
XPSR=61000003 -ZC- T S handler
Taking exception 16 [Semihosting call] on CPU 0
...handling as semihosting call 0x5
PMSA MPU lookup for reading at 0x30007c00 mmu_idx 135 -> Hit (prot rwx)
PMSA MPU lookup for reading at 0x30007c00 mmu_idx 135 -> Hit (prot rwx)
PMSA MPU lookup for reading at 0x30007c00 mmu_idx 135 -> Hit (prot rwx)
PMSA MPU lookup for reading at 0x30007c00 mmu_idx 135 -> Hit (prot rwx)
PMSA MPU lookup for reading at 0x30007c00 mmu_idx 135 -> Hit (prot rwx)
Trace 0: 0x7b905ec728c0 [00800453/0000000010000e64/00000170/ff028000] _ZN74_$LT$cortex_m_semihosting..hio..HostStream$u20$as$u20$core..fmt..Write$GT$9write_str17h440d8fc4c09798cfE
R00=00000000 R01=30007ea4 R02=00000008 R03=10000e45
R04=00000001 R05=00000031 R06=100018ac R07=30007eb0
R08=00000000 R09=00000000 R10=30007fac R11=00000018
R12=00000001 R13=30007ea4 R14=30007f38 R15=10000e64
XPSR=21000003 --C- T S handler
----------------
IN: _ZN4core3fmt3num55_$LT$impl$u20$core..fmt..LowerHex$u20$for$u20$isize$GT$3fmt17h2179bfdbc5749589E
0x10001830:  
OBJD-T: 22b0b0bd

Trace 0: 0x7b905ec76740 [00800453/0000000010001830/00000170/ff028000] _ZN4core3fmt3num55_$LT$impl$u20$core..fmt..LowerHex$u20$for$u20$isize$GT$3fmt17h2179bfdbc5749589E
R00=00000000 R01=ffffffff R02=00000008 R03=10000e45
R04=00000001 R05=00000031 R06=100018ac R07=30007f48
R08=00000000 R09=00000000 R10=30007fac R11=00000018
R12=00000001 R13=30007eb8 R14=30007f38 R15=10001830
XPSR=61000003 -ZC- T S handler
----------------
IN: _ZN4core3fmt5write17h6b779db6bec6a9d1E
0x10000f78:  
OBJD-T: 002844d1

Trace 0: 0x7b905ec76a00 [00800453/0000000010000f78/00000170/ff028000] _ZN4core3fmt5write17h6b779db6bec6a9d1E
R00=00000000 R01=ffffffff R02=00000008 R03=10000e45
R04=30007fc4 R05=1000189c R06=100018ac R07=30007f80
R08=00000000 R09=00000000 R10=30007fac R11=00000018
R12=00000001 R13=30007f50 R14=30007f38 R15=10000f78
XPSR=61000003 -ZC- T S handler
----------------
IN: _ZN4core3fmt5write17h6b779db6bec6a9d1E
0x10000f7c:  
OBJD-T: 08f1180809f10809c345b8d1

Linking TBs 0x7b905ec76a00 index 1 -> 0x7b905ec76b80
Trace 0: 0x7b905ec76b80 [00800453/0000000010000f7c/00000170/ff028000] _ZN4core3fmt5write17h6b779db6bec6a9d1E
R00=00000000 R01=ffffffff R02=00000008 R03=10000e45
R04=30007fc4 R05=1000189c R06=100018ac R07=30007f80
R08=00000000 R09=00000000 R10=30007fac R11=00000018
R12=00000001 R13=30007f50 R14=30007f38 R15=10000f7c
XPSR=61000003 -ZC- T S handler
----------------
IN: _ZN4core3fmt5write17h6b779db6bec6a9d1E
0x10000f88:  
OBJD-T: 26e0

Linking TBs 0x7b905ec76b80 index 1 -> 0x7b905ec76d40
Trace 0: 0x7b905ec76d40 [00800453/0000000010000f88/00000170/ff028000] _ZN4core3fmt5write17h6b779db6bec6a9d1E
R00=00000000 R01=ffffffff R02=00000008 R03=10000e45
R04=30007fc4 R05=1000189c R06=100018ac R07=30007f80
R08=00000018 R09=00000008 R10=30007fac R11=00000018
R12=00000001 R13=30007f50 R14=30007f38 R15=10000f88
XPSR=61000003 -ZC- T S handler
----------------
IN: _ZN4core3fmt5write17h6b779db6bec6a9d1E
0x10000fd8:  
OBJD-T: 009adaf80400824205d3

Linking TBs 0x7b905ec76d40 index 0 -> 0x7b905ec76e40
Trace 0: 0x7b905ec76e40 [00800453/0000000010000fd8/00000170/ff028000] _ZN4core3fmt5write17h6b779db6bec6a9d1E
R00=00000000 R01=ffffffff R02=00000008 R03=10000e45
R04=30007fc4 R05=1000189c R06=100018ac R07=30007f80
R08=00000018 R09=00000008 R10=30007fac R11=00000018
R12=00000001 R13=30007f50 R14=30007f38 R15=10000fd8
XPSR=61000003 -ZC- T S handler
----------------
IN: _ZN4core3fmt5write17h6b779db6bec6a9d1E
0x10000fee:  
OBJD-T: daf8000050f8321000ebc2004268dde90103

Linking TBs 0x7b905ec76e40 index 0 -> 0x7b905ec77080
Trace 0: 0x7b905ec77080 [00800453/0000000010000fee/00000170/ff028000] _ZN4core3fmt5write17h6b779db6bec6a9d1E
R00=00000002 R01=ffffffff R02=00000001 R03=10000e45
R04=30007fc4 R05=1000189c R06=100018ac R07=30007f80
R08=00000018 R09=00000008 R10=30007fac R11=00000018
R12=00000001 R13=30007f50 R14=30007f38 R15=10000fee
XPSR=81000003 N--- T S handler
----------------
IN: _ZN4core3fmt5write17h6b779db6bec6a9d1E
0x10001000:  
OBJD-T: db689847

Trace 0: 0x7b905ec77340 [00800453/0000000010001000/00000170/ff028000] _ZN4core3fmt5write17h6b779db6bec6a9d1E
R00=30000004 R01=1000189b R02=00000001 R03=10001954
R04=30007fc4 R05=1000189c R06=100018ac R07=30007f80
R08=00000018 R09=00000008 R10=30007fac R11=00000018
R12=00000001 R13=30007f50 R14=30007f38 R15=10001000
XPSR=81000003 N--- T S handler
Trace 0: 0x7b905ec72380 [00800453/0000000010000e44/00000170/ff028000] _ZN20cortex_m_semihosting6export11hstdout_fmt17he8331d53320a4f53E
R00=30000004 R01=1000189b R02=00000001 R03=10000e45
R04=30007fc4 R05=1000189c R06=100018ac R07=30007f80
R08=00000018 R09=00000008 R10=30007fac R11=00000018
R12=00000001 R13=30007f50 R14=10001005 R15=10000e44
XPSR=81000003 N--- T S handler
Taking exception 16 [Semihosting call] on CPU 0
...handling as semihosting call 0x5
PMSA MPU lookup for reading at 0x30007c00 mmu_idx 135 -> Hit (prot rwx)
PMSA MPU lookup for reading at 0x30007c00 mmu_idx 135 -> Hit (prot rwx)
PMSA MPU lookup for reading at 0x30007c00 mmu_idx 135 -> Hit (prot rwx)
PMSA MPU lookup for reading at 0x10001800 mmu_idx 135 -> Hit (prot rwx)
PMSA MPU lookup for reading at 0x30007c00 mmu_idx 135 -> Hit (prot rwx)
Trace 0: 0x7b905ec728c0 [00800453/0000000010000e64/00000170/ff028000] _ZN74_$LT$cortex_m_semihosting..hio..HostStream$u20$as$u20$core..fmt..Write$GT$9write_str17h440d8fc4c09798cfE
R00=00000000 R01=30007f3c R02=00000001 R03=10000e45
R04=30007fc4 R05=1000189c R06=100018ac R07=30007f48
R08=00000018 R09=00000008 R10=30007fac R11=00000018
R12=00000001 R13=30007f3c R14=1000189b R15=10000e64
XPSR=21000003 --C- T S handler
----------------
IN: _ZN4core3fmt5write17h6b779db6bec6a9d1E
0x10001004:  
OBJD-T: 20b1

Trace 0: 0x7b905ec774c0 [00800453/0000000010001004/00000170/ff028000] _ZN4core3fmt5write17h6b779db6bec6a9d1E
R00=00000000 R01=ffffffff R02=00000001 R03=10000e45
R04=30007fc4 R05=1000189c R06=100018ac R07=30007f80
R08=00000018 R09=00000008 R10=30007fac R11=00000018
R12=00000001 R13=30007f50 R14=1000189b R15=10001004
XPSR=61000003 -ZC- T S handler
----------------
IN: _ZN4core3fmt5write17h6b779db6bec6a9d1E
0x10001010:  
OBJD-T: 002005b0bde8000ff0bd

Linking TBs 0x7b905ec774c0 index 0 -> 0x7b905ec77600
Trace 0: 0x7b905ec77600 [00800453/0000000010001010/00000170/ff028000] _ZN4core3fmt5write17h6b779db6bec6a9d1E
R00=00000000 R01=ffffffff R02=00000001 R03=10000e45
R04=30007fc4 R05=1000189c R06=100018ac R07=30007f80
R08=00000018 R09=00000008 R10=30007fac R11=00000018
R12=00000001 R13=30007f50 R14=1000189b R15=10001010
XPSR=61000003 -ZC- T S handler
----------------
IN: _ZN20cortex_m_semihosting6export11hstdout_fmt17he8331d53320a4f53E
0x10000e02:  
OBJD-T: 00f048f8

Trace 0: 0x7b905ec77ac0 [00800453/0000000010000e02/00000170/ff028000] _ZN20cortex_m_semihosting6export11hstdout_fmt17he8331d53320a4f53E
R00=00000000 R01=ffffffff R02=00000001 R03=10000e45
R04=30007fac R05=00000000 R06=00000000 R07=30007fa0
R08=00000000 R09=00000000 R10=00000000 R11=00000000
R12=00000001 R13=30007f88 R14=1000189b R15=10000e02
XPSR=61000003 -ZC- T S handler
Linking TBs 0x7b905ec77ac0 index 0 -> 0x7b905ec70140
Trace 0: 0x7b905ec70140 [00800453/0000000010000e96/00000170/ff028000] __cpsid
R00=00000000 R01=ffffffff R02=00000001 R03=10000e45
R04=30007fac R05=00000000 R06=00000000 R07=30007fa0
R08=00000000 R09=00000000 R10=00000000 R11=00000000
R12=00000001 R13=30007f88 R14=10000e07 R15=10000e96
XPSR=61000003 -ZC- T S handler
Trace 0: 0x7b905ec70280 [00800453/0000000010000e98/00000170/ff028000] __cpsie
R00=00000000 R01=ffffffff R02=00000001 R03=10000e45
R04=30007fac R05=00000000 R06=00000000 R07=30007fa0
R08=00000000 R09=00000000 R10=00000000 R11=00000000
R12=00000001 R13=30007f88 R14=10000e07 R15=10000e98
XPSR=61000003 -ZC- T S handler
----------------
IN: _ZN20cortex_m_semihosting6export11hstdout_fmt17he8331d53320a4f53E
0x10000e06:  
OBJD-T: 04b0b0bd

Trace 0: 0x7b905ec77c00 [00800453/0000000010000e06/00000170/ff028000] _ZN20cortex_m_semihosting6export11hstdout_fmt17he8331d53320a4f53E
R00=00000000 R01=ffffffff R02=00000001 R03=10000e45
R04=30007fac R05=00000000 R06=00000000 R07=30007fa0
R08=00000000 R09=00000000 R10=00000000 R11=00000000
R12=00000001 R13=30007f88 R14=10000e07 R15=10000e06
XPSR=61000003 -ZC- T S handler
----------------
IN: _ZN6secure23__cortex_m_rt_HardFault17h4960185d70e7df58E
0x10000ad0:  
OBJD-T: fee7

Trace 0: 0x7b905ec77ec0 [00800453/0000000010000ad0/00000170/ff028000] _ZN6secure23__cortex_m_rt_HardFault17h4960185d70e7df58E
R00=00000000 R01=ffffffff R02=00000001 R03=10000e45
R04=1000081e R05=00000000 R06=00000000 R07=30007fd0
R08=00000000 R09=00000000 R10=00000000 R11=00000000
R12=00000001 R13=30007fa8 R14=10000e07 R15=10000ad0
XPSR=61000003 -ZC- T S handler
Linking TBs 0x7b905ec77ec0 index 0 -> 0x7b905ec77ec0
Trace 0: 0x7b905ec77ec0 [00800453/0000000010000ad0/00000170/ff028000] _ZN6secure23__cortex_m_rt_HardFault17h4960185d70e7df58E
R00=00000000 R01=ffffffff R02=00000001 R03=10000e45
R04=1000081e R05=00000000 R06=00000000 R07=30007fd0
R08=00000000 R09=00000000 R10=00000000 R11=00000000
R12=00000001 R13=30007fa8 R14=10000e07 R15=10000ad0
XPSR=61000003 -ZC- T S handler
Stopped execution of TB chain before 0x7b905ec77ec0 [0000000010000ad0] _ZN6secure23__cortex_m_rt_HardFault17h4960185d70e7df58E
